<?xml version="1.0" encoding="UTF-8"?>
<!-- Generated by org.testng.reporters.JUnitXMLReporter -->
<testsuite ignored="0" hostname="DESKTOP-6NI868R" failures="0" tests="2" name="Test" time="11.575" errors="0" timestamp="12 Feb 2020 16:59:26 GMT">
  <testcase classname="Google.GoogleSearch" name="@BeforeMethod SetUp" time="10.291">
    <failure type="org.openqa.selenium.SessionNotCreatedException" message="session not created: This version of ChromeDriver only supports Chrome version 78
Build info: version: &amp;apos;3.14.0&amp;apos;, revision: &amp;apos;aacccce0&amp;apos;, time: &amp;apos;2018-08-02T20:19:58.91Z&amp;apos;
System info: host: &amp;apos;DESKTOP-6NI868R&amp;apos;, ip: &amp;apos;10.0.75.1&amp;apos;, os.name: &amp;apos;Windows 10&amp;apos;, os.arch: &amp;apos;amd64&amp;apos;, os.version: &amp;apos;10.0&amp;apos;, java.version: &amp;apos;11.0.4&amp;apos;
Driver info: driver.version: ChromeDriver
remote stacktrace: Backtrace:
	Ordinal0 [0x00DCA903+1550595]
	Ordinal0 [0x00D4A701+1025793]
	Ordinal0 [0x00CCC6E5+509669]
	Ordinal0 [0x00C5FC68+64616]
	Ordinal0 [0x00C5C594+50580]
	Ordinal0 [0x00C7ACE7+175335]
	Ordinal0 [0x00C7A8ED+174317]
	Ordinal0 [0x00C78CDB+167131]
	Ordinal0 [0x00C6144A+70730]
	Ordinal0 [0x00C624D0+74960]
	Ordinal0 [0x00C62469+74857]
	Ordinal0 [0x00D642C7+1131207]
	GetHandleVerifier [0x00E670FD+523789]
	GetHandleVerifier [0x00E66E90+523168]
	GetHandleVerifier [0x00E6E1E7+552695]
	GetHandleVerifier [0x00E678FA+525834]
	Ordinal0 [0x00D5B7FC+1095676]
	Ordinal0 [0x00D6633B+1139515]
	Ordinal0 [0x00D664A3+1139875]
	Ordinal0 [0x00D65425+1135653]
	BaseThreadInitThunk [0x76006359+25]
	RtlGetAppContainerNamedObjectPath [0x77787B74+228]
	RtlGetAppContainerNamedObjectPath [0x77787B44+180]
">
      <![CDATA[org.openqa.selenium.SessionNotCreatedException: session not created: This version of ChromeDriver only supports Chrome version 78
Build info: version: '3.14.0', revision: 'aacccce0', time: '2018-08-02T20:19:58.91Z'
System info: host: 'DESKTOP-6NI868R', ip: '10.0.75.1', os.name: 'Windows 10', os.arch: 'amd64', os.version: '10.0', java.version: '11.0.4'
Driver info: driver.version: ChromeDriver
remote stacktrace: Backtrace:
Ordinal0 [0x00DCA903+1550595]
Ordinal0 [0x00D4A701+1025793]
Ordinal0 [0x00CCC6E5+509669]
Ordinal0 [0x00C5FC68+64616]
Ordinal0 [0x00C5C594+50580]
Ordinal0 [0x00C7ACE7+175335]
Ordinal0 [0x00C7A8ED+174317]
Ordinal0 [0x00C78CDB+167131]
Ordinal0 [0x00C6144A+70730]
Ordinal0 [0x00C624D0+74960]
Ordinal0 [0x00C62469+74857]
Ordinal0 [0x00D642C7+1131207]
GetHandleVerifier [0x00E670FD+523789]
GetHandleVerifier [0x00E66E90+523168]
GetHandleVerifier [0x00E6E1E7+552695]
GetHandleVerifier [0x00E678FA+525834]
Ordinal0 [0x00D5B7FC+1095676]
Ordinal0 [0x00D6633B+1139515]
Ordinal0 [0x00D664A3+1139875]
Ordinal0 [0x00D65425+1135653]
BaseThreadInitThunk [0x76006359+25]
RtlGetAppContainerNamedObjectPath [0x77787B74+228]
RtlGetAppContainerNamedObjectPath [0x77787B44+180]

at org.openqa.selenium.remote.W3CHandshakeResponse.lambda$new$0(W3CHandshakeResponse.java:57)
at org.openqa.selenium.remote.W3CHandshakeResponse.lambda$getResponseFunction$2(W3CHandshakeResponse.java:104)
at org.openqa.selenium.remote.ProtocolHandshake.lambda$createSession$0(ProtocolHandshake.java:122)
at java.base/java.util.stream.ReferencePipeline$3$1.accept(ReferencePipeline.java:195)
at java.base/java.util.Spliterators$ArraySpliterator.tryAdvance(Spliterators.java:958)
at java.base/java.util.stream.ReferencePipeline.forEachWithCancel(ReferencePipeline.java:127)
at java.base/java.util.stream.AbstractPipeline.copyIntoWithCancel(AbstractPipeline.java:502)
at java.base/java.util.stream.AbstractPipeline.copyInto(AbstractPipeline.java:488)
at java.base/java.util.stream.AbstractPipeline.wrapAndCopyInto(AbstractPipeline.java:474)
at java.base/java.util.stream.FindOps$FindOp.evaluateSequential(FindOps.java:150)
at java.base/java.util.stream.AbstractPipeline.evaluate(AbstractPipeline.java:234)
at java.base/java.util.stream.ReferencePipeline.findFirst(ReferencePipeline.java:543)
at org.openqa.selenium.remote.ProtocolHandshake.createSession(ProtocolHandshake.java:125)
at org.openqa.selenium.remote.ProtocolHandshake.createSession(ProtocolHandshake.java:73)
at org.openqa.selenium.remote.HttpCommandExecutor.execute(HttpCommandExecutor.java:136)
at org.openqa.selenium.remote.service.DriverCommandExecutor.execute(DriverCommandExecutor.java:83)
at org.openqa.selenium.remote.RemoteWebDriver.execute(RemoteWebDriver.java:548)
at org.openqa.selenium.remote.RemoteWebDriver.startSession(RemoteWebDriver.java:212)
at org.openqa.selenium.remote.RemoteWebDriver.<init>(RemoteWebDriver.java:130)
at org.openqa.selenium.chrome.ChromeDriver.<init>(ChromeDriver.java:181)
at org.openqa.selenium.chrome.ChromeDriver.<init>(ChromeDriver.java:168)
at org.openqa.selenium.chrome.ChromeDriver.<init>(ChromeDriver.java:123)
at Util.Base.Initilization(Base.java:18)
at Google.GoogleSearch.SetUp(GoogleSearch.java:33)
at java.base/java.util.concurrent.ThreadPoolExecutor.runWorker(ThreadPoolExecutor.java:1128)
at java.base/java.util.concurrent.ThreadPoolExecutor$Worker.run(ThreadPoolExecutor.java:628)
at java.base/java.lang.Thread.run(Thread.java:834)
... Removed 17 stack frames]]>
    </failure>
  </testcase> <!-- @BeforeMethod SetUp -->
  <testcase classname="Google.GoogleSearch" name="@AfterMethod teardown" time="0.0">
    <skipped/>
  </testcase> <!-- @AfterMethod teardown -->
  <testcase classname="Google.GoogleSearch" name="@BeforeMethod SetUp" time="0.0">
    <skipped/>
  </testcase> <!-- @BeforeMethod SetUp -->
  <testcase classname="Google.GoogleSearch" name="@AfterMethod teardown" time="0.0">
    <skipped/>
  </testcase> <!-- @AfterMethod teardown -->
  <testcase classname="Google.GoogleSearch" name="TitleTest" time="0.0">
    <skipped/>
  </testcase> <!-- TitleTest -->
  <testcase classname="Google.GoogleSearch" name="TitleTest2" time="0.0">
    <skipped/>
  </testcase> <!-- TitleTest2 -->
</testsuite> <!-- Test -->
