<?xml version="1.0" encoding="UTF-8"?>
<testng-results ignored="0" total="2" passed="0" failed="0" skipped="2">
  <reporter-output>
  </reporter-output>
  <suite started-at="2020-02-12T16:59:14Z" name="Suite" finished-at="2020-02-12T16:59:26Z" duration-ms="11575">
    <groups>
    </groups>
    <test started-at="2020-02-12T16:59:14Z" name="Test" finished-at="2020-02-12T16:59:26Z" duration-ms="11575">
      <class name="Google.GoogleSearch">
        <test-method is-config="true" signature="SetUp()[pri:0, instance:Google.GoogleSearch@2ca6546f]" started-at="2020-02-12T16:59:14Z" name="SetUp" finished-at="2020-02-12T16:59:25Z" duration-ms="10291" status="FAIL">
          <exception class="org.openqa.selenium.SessionNotCreatedException">
            <message>
              <![CDATA[session not created: This version of ChromeDriver only supports Chrome version 78
Build info: version: '3.14.0', revision: 'aacccce0', time: '2018-08-02T20:19:58.91Z'
System info: host: 'DESKTOP-6NI868R', ip: '10.0.75.1', os.name: 'Windows 10', os.arch: 'amd64', os.version: '10.0', java.version: '11.0.4'
Driver info: driver.version: ChromeDriver
remote stacktrace: Backtrace:
Ordinal0 [0x00DCA903+1550595]
Ordinal0 [0x00D4A701+1025793]
Ordinal0 [0x00CCC6E5+509669]
Ordinal0 [0x00C5FC68+64616]
Ordinal0 [0x00C5C594+50580]
Ordinal0 [0x00C7ACE7+175335]
Ordinal0 [0x00C7A8ED+174317]
Ordinal0 [0x00C78CDB+167131]
Ordinal0 [0x00C6144A+70730]
Ordinal0 [0x00C624D0+74960]
Ordinal0 [0x00C62469+74857]
Ordinal0 [0x00D642C7+1131207]
GetHandleVerifier [0x00E670FD+523789]
GetHandleVerifier [0x00E66E90+523168]
GetHandleVerifier [0x00E6E1E7+552695]
GetHandleVerifier [0x00E678FA+525834]
Ordinal0 [0x00D5B7FC+1095676]
Ordinal0 [0x00D6633B+1139515]
Ordinal0 [0x00D664A3+1139875]
Ordinal0 [0x00D65425+1135653]
BaseThreadInitThunk [0x76006359+25]
RtlGetAppContainerNamedObjectPath [0x77787B74+228]
RtlGetAppContainerNamedObjectPath [0x77787B44+180]
]]>
            </message>
            <full-stacktrace>
              <![CDATA[org.openqa.selenium.SessionNotCreatedException: session not created: This version of ChromeDriver only supports Chrome version 78
Build info: version: '3.14.0', revision: 'aacccce0', time: '2018-08-02T20:19:58.91Z'
System info: host: 'DESKTOP-6NI868R', ip: '10.0.75.1', os.name: 'Windows 10', os.arch: 'amd64', os.version: '10.0', java.version: '11.0.4'
Driver info: driver.version: ChromeDriver
remote stacktrace: Backtrace:
Ordinal0 [0x00DCA903+1550595]
Ordinal0 [0x00D4A701+1025793]
Ordinal0 [0x00CCC6E5+509669]
Ordinal0 [0x00C5FC68+64616]
Ordinal0 [0x00C5C594+50580]
Ordinal0 [0x00C7ACE7+175335]
Ordinal0 [0x00C7A8ED+174317]
Ordinal0 [0x00C78CDB+167131]
Ordinal0 [0x00C6144A+70730]
Ordinal0 [0x00C624D0+74960]
Ordinal0 [0x00C62469+74857]
Ordinal0 [0x00D642C7+1131207]
GetHandleVerifier [0x00E670FD+523789]
GetHandleVerifier [0x00E66E90+523168]
GetHandleVerifier [0x00E6E1E7+552695]
GetHandleVerifier [0x00E678FA+525834]
Ordinal0 [0x00D5B7FC+1095676]
Ordinal0 [0x00D6633B+1139515]
Ordinal0 [0x00D664A3+1139875]
Ordinal0 [0x00D65425+1135653]
BaseThreadInitThunk [0x76006359+25]
RtlGetAppContainerNamedObjectPath [0x77787B74+228]
RtlGetAppContainerNamedObjectPath [0x77787B44+180]

at java.base/jdk.internal.reflect.NativeConstructorAccessorImpl.newInstance0(Native Method)
at java.base/jdk.internal.reflect.NativeConstructorAccessorImpl.newInstance(NativeConstructorAccessorImpl.java:62)
at java.base/jdk.internal.reflect.DelegatingConstructorAccessorImpl.newInstance(DelegatingConstructorAccessorImpl.java:45)
at java.base/java.lang.reflect.Constructor.newInstance(Constructor.java:490)
at org.openqa.selenium.remote.W3CHandshakeResponse.lambda$new$0(W3CHandshakeResponse.java:57)
at org.openqa.selenium.remote.W3CHandshakeResponse.lambda$getResponseFunction$2(W3CHandshakeResponse.java:104)
at org.openqa.selenium.remote.ProtocolHandshake.lambda$createSession$0(ProtocolHandshake.java:122)
at java.base/java.util.stream.ReferencePipeline$3$1.accept(ReferencePipeline.java:195)
at java.base/java.util.Spliterators$ArraySpliterator.tryAdvance(Spliterators.java:958)
at java.base/java.util.stream.ReferencePipeline.forEachWithCancel(ReferencePipeline.java:127)
at java.base/java.util.stream.AbstractPipeline.copyIntoWithCancel(AbstractPipeline.java:502)
at java.base/java.util.stream.AbstractPipeline.copyInto(AbstractPipeline.java:488)
at java.base/java.util.stream.AbstractPipeline.wrapAndCopyInto(AbstractPipeline.java:474)
at java.base/java.util.stream.FindOps$FindOp.evaluateSequential(FindOps.java:150)
at java.base/java.util.stream.AbstractPipeline.evaluate(AbstractPipeline.java:234)
at java.base/java.util.stream.ReferencePipeline.findFirst(ReferencePipeline.java:543)
at org.openqa.selenium.remote.ProtocolHandshake.createSession(ProtocolHandshake.java:125)
at org.openqa.selenium.remote.ProtocolHandshake.createSession(ProtocolHandshake.java:73)
at org.openqa.selenium.remote.HttpCommandExecutor.execute(HttpCommandExecutor.java:136)
at org.openqa.selenium.remote.service.DriverCommandExecutor.execute(DriverCommandExecutor.java:83)
at org.openqa.selenium.remote.RemoteWebDriver.execute(RemoteWebDriver.java:548)
at org.openqa.selenium.remote.RemoteWebDriver.startSession(RemoteWebDriver.java:212)
at org.openqa.selenium.remote.RemoteWebDriver.<init>(RemoteWebDriver.java:130)
at org.openqa.selenium.chrome.ChromeDriver.<init>(ChromeDriver.java:181)
at org.openqa.selenium.chrome.ChromeDriver.<init>(ChromeDriver.java:168)
at org.openqa.selenium.chrome.ChromeDriver.<init>(ChromeDriver.java:123)
at Util.Base.Initilization(Base.java:18)
at Google.GoogleSearch.SetUp(GoogleSearch.java:33)
at java.base/jdk.internal.reflect.NativeMethodAccessorImpl.invoke0(Native Method)
at java.base/jdk.internal.reflect.NativeMethodAccessorImpl.invoke(NativeMethodAccessorImpl.java:62)
at java.base/jdk.internal.reflect.DelegatingMethodAccessorImpl.invoke(DelegatingMethodAccessorImpl.java:43)
at java.base/java.lang.reflect.Method.invoke(Method.java:566)
at org.testng.internal.MethodInvocationHelper.invokeMethod(MethodInvocationHelper.java:124)
at org.testng.internal.MethodInvocationHelper.invokeMethodConsideringTimeout(MethodInvocationHelper.java:59)
at org.testng.internal.Invoker.invokeConfigurationMethod(Invoker.java:458)
at org.testng.internal.Invoker.invokeConfigurations(Invoker.java:222)
at org.testng.internal.Invoker.invokeMethod(Invoker.java:523)
at org.testng.internal.Invoker.invokeTestMethod(Invoker.java:719)
at org.testng.internal.Invoker.invokeTestMethods(Invoker.java:989)
at org.testng.internal.TestMethodWorker.invokeTestMethods(TestMethodWorker.java:125)
at org.testng.internal.TestMethodWorker.run(TestMethodWorker.java:109)
at java.base/java.util.concurrent.ThreadPoolExecutor.runWorker(ThreadPoolExecutor.java:1128)
at java.base/java.util.concurrent.ThreadPoolExecutor$Worker.run(ThreadPoolExecutor.java:628)
at java.base/java.lang.Thread.run(Thread.java:834)
]]>
            </full-stacktrace>
          </exception> <!-- org.openqa.selenium.SessionNotCreatedException -->
          <reporter-output>
          </reporter-output>
        </test-method> <!-- SetUp -->
        <test-method signature="TitleTest()[pri:1, instance:Google.GoogleSearch@2ca6546f]" started-at="2020-02-12T16:59:25Z" name="TitleTest" description="TitleTest" finished-at="2020-02-12T16:59:25Z" duration-ms="0" status="SKIP">
          <exception class="org.openqa.selenium.SessionNotCreatedException">
            <message>
              <![CDATA[session not created: This version of ChromeDriver only supports Chrome version 78
Build info: version: '3.14.0', revision: 'aacccce0', time: '2018-08-02T20:19:58.91Z'
System info: host: 'DESKTOP-6NI868R', ip: '10.0.75.1', os.name: 'Windows 10', os.arch: 'amd64', os.version: '10.0', java.version: '11.0.4'
Driver info: driver.version: ChromeDriver
remote stacktrace: Backtrace:
Ordinal0 [0x00DCA903+1550595]
Ordinal0 [0x00D4A701+1025793]
Ordinal0 [0x00CCC6E5+509669]
Ordinal0 [0x00C5FC68+64616]
Ordinal0 [0x00C5C594+50580]
Ordinal0 [0x00C7ACE7+175335]
Ordinal0 [0x00C7A8ED+174317]
Ordinal0 [0x00C78CDB+167131]
Ordinal0 [0x00C6144A+70730]
Ordinal0 [0x00C624D0+74960]
Ordinal0 [0x00C62469+74857]
Ordinal0 [0x00D642C7+1131207]
GetHandleVerifier [0x00E670FD+523789]
GetHandleVerifier [0x00E66E90+523168]
GetHandleVerifier [0x00E6E1E7+552695]
GetHandleVerifier [0x00E678FA+525834]
Ordinal0 [0x00D5B7FC+1095676]
Ordinal0 [0x00D6633B+1139515]
Ordinal0 [0x00D664A3+1139875]
Ordinal0 [0x00D65425+1135653]
BaseThreadInitThunk [0x76006359+25]
RtlGetAppContainerNamedObjectPath [0x77787B74+228]
RtlGetAppContainerNamedObjectPath [0x77787B44+180]
]]>
            </message>
            <full-stacktrace>
              <![CDATA[org.openqa.selenium.SessionNotCreatedException: session not created: This version of ChromeDriver only supports Chrome version 78
Build info: version: '3.14.0', revision: 'aacccce0', time: '2018-08-02T20:19:58.91Z'
System info: host: 'DESKTOP-6NI868R', ip: '10.0.75.1', os.name: 'Windows 10', os.arch: 'amd64', os.version: '10.0', java.version: '11.0.4'
Driver info: driver.version: ChromeDriver
remote stacktrace: Backtrace:
Ordinal0 [0x00DCA903+1550595]
Ordinal0 [0x00D4A701+1025793]
Ordinal0 [0x00CCC6E5+509669]
Ordinal0 [0x00C5FC68+64616]
Ordinal0 [0x00C5C594+50580]
Ordinal0 [0x00C7ACE7+175335]
Ordinal0 [0x00C7A8ED+174317]
Ordinal0 [0x00C78CDB+167131]
Ordinal0 [0x00C6144A+70730]
Ordinal0 [0x00C624D0+74960]
Ordinal0 [0x00C62469+74857]
Ordinal0 [0x00D642C7+1131207]
GetHandleVerifier [0x00E670FD+523789]
GetHandleVerifier [0x00E66E90+523168]
GetHandleVerifier [0x00E6E1E7+552695]
GetHandleVerifier [0x00E678FA+525834]
Ordinal0 [0x00D5B7FC+1095676]
Ordinal0 [0x00D6633B+1139515]
Ordinal0 [0x00D664A3+1139875]
Ordinal0 [0x00D65425+1135653]
BaseThreadInitThunk [0x76006359+25]
RtlGetAppContainerNamedObjectPath [0x77787B74+228]
RtlGetAppContainerNamedObjectPath [0x77787B44+180]

at java.base/jdk.internal.reflect.NativeConstructorAccessorImpl.newInstance0(Native Method)
at java.base/jdk.internal.reflect.NativeConstructorAccessorImpl.newInstance(NativeConstructorAccessorImpl.java:62)
at java.base/jdk.internal.reflect.DelegatingConstructorAccessorImpl.newInstance(DelegatingConstructorAccessorImpl.java:45)
at java.base/java.lang.reflect.Constructor.newInstance(Constructor.java:490)
at org.openqa.selenium.remote.W3CHandshakeResponse.lambda$new$0(W3CHandshakeResponse.java:57)
at org.openqa.selenium.remote.W3CHandshakeResponse.lambda$getResponseFunction$2(W3CHandshakeResponse.java:104)
at org.openqa.selenium.remote.ProtocolHandshake.lambda$createSession$0(ProtocolHandshake.java:122)
at java.base/java.util.stream.ReferencePipeline$3$1.accept(ReferencePipeline.java:195)
at java.base/java.util.Spliterators$ArraySpliterator.tryAdvance(Spliterators.java:958)
at java.base/java.util.stream.ReferencePipeline.forEachWithCancel(ReferencePipeline.java:127)
at java.base/java.util.stream.AbstractPipeline.copyIntoWithCancel(AbstractPipeline.java:502)
at java.base/java.util.stream.AbstractPipeline.copyInto(AbstractPipeline.java:488)
at java.base/java.util.stream.AbstractPipeline.wrapAndCopyInto(AbstractPipeline.java:474)
at java.base/java.util.stream.FindOps$FindOp.evaluateSequential(FindOps.java:150)
at java.base/java.util.stream.AbstractPipeline.evaluate(AbstractPipeline.java:234)
at java.base/java.util.stream.ReferencePipeline.findFirst(ReferencePipeline.java:543)
at org.openqa.selenium.remote.ProtocolHandshake.createSession(ProtocolHandshake.java:125)
at org.openqa.selenium.remote.ProtocolHandshake.createSession(ProtocolHandshake.java:73)
at org.openqa.selenium.remote.HttpCommandExecutor.execute(HttpCommandExecutor.java:136)
at org.openqa.selenium.remote.service.DriverCommandExecutor.execute(DriverCommandExecutor.java:83)
at org.openqa.selenium.remote.RemoteWebDriver.execute(RemoteWebDriver.java:548)
at org.openqa.selenium.remote.RemoteWebDriver.startSession(RemoteWebDriver.java:212)
at org.openqa.selenium.remote.RemoteWebDriver.<init>(RemoteWebDriver.java:130)
at org.openqa.selenium.chrome.ChromeDriver.<init>(ChromeDriver.java:181)
at org.openqa.selenium.chrome.ChromeDriver.<init>(ChromeDriver.java:168)
at org.openqa.selenium.chrome.ChromeDriver.<init>(ChromeDriver.java:123)
at Util.Base.Initilization(Base.java:18)
at Google.GoogleSearch.SetUp(GoogleSearch.java:33)
at java.base/jdk.internal.reflect.NativeMethodAccessorImpl.invoke0(Native Method)
at java.base/jdk.internal.reflect.NativeMethodAccessorImpl.invoke(NativeMethodAccessorImpl.java:62)
at java.base/jdk.internal.reflect.DelegatingMethodAccessorImpl.invoke(DelegatingMethodAccessorImpl.java:43)
at java.base/java.lang.reflect.Method.invoke(Method.java:566)
at org.testng.internal.MethodInvocationHelper.invokeMethod(MethodInvocationHelper.java:124)
at org.testng.internal.MethodInvocationHelper.invokeMethodConsideringTimeout(MethodInvocationHelper.java:59)
at org.testng.internal.Invoker.invokeConfigurationMethod(Invoker.java:458)
at org.testng.internal.Invoker.invokeConfigurations(Invoker.java:222)
at org.testng.internal.Invoker.invokeMethod(Invoker.java:523)
at org.testng.internal.Invoker.invokeTestMethod(Invoker.java:719)
at org.testng.internal.Invoker.invokeTestMethods(Invoker.java:989)
at org.testng.internal.TestMethodWorker.invokeTestMethods(TestMethodWorker.java:125)
at org.testng.internal.TestMethodWorker.run(TestMethodWorker.java:109)
at java.base/java.util.concurrent.ThreadPoolExecutor.runWorker(ThreadPoolExecutor.java:1128)
at java.base/java.util.concurrent.ThreadPoolExecutor$Worker.run(ThreadPoolExecutor.java:628)
at java.base/java.lang.Thread.run(Thread.java:834)
]]>
            </full-stacktrace>
          </exception> <!-- org.openqa.selenium.SessionNotCreatedException -->
          <reporter-output>
          </reporter-output>
        </test-method> <!-- TitleTest -->
        <test-method is-config="true" signature="teardown()[pri:0, instance:Google.GoogleSearch@2ca6546f]" started-at="2020-02-12T16:59:25Z" name="teardown" finished-at="2020-02-12T16:59:25Z" duration-ms="0" status="SKIP">
          <reporter-output>
          </reporter-output>
        </test-method> <!-- teardown -->
        <test-method is-config="true" signature="SetUp()[pri:0, instance:Google.GoogleSearch@2ca6546f]" started-at="2020-02-12T16:59:25Z" name="SetUp" finished-at="2020-02-12T16:59:25Z" duration-ms="0" status="SKIP">
          <reporter-output>
          </reporter-output>
        </test-method> <!-- SetUp -->
        <test-method signature="TitleTest2()[pri:2, instance:Google.GoogleSearch@2ca6546f]" started-at="2020-02-12T16:59:26Z" name="TitleTest2" description="TitleTest1" finished-at="2020-02-12T16:59:26Z" duration-ms="0" status="SKIP">
          <exception class="org.openqa.selenium.SessionNotCreatedException">
            <message>
              <![CDATA[session not created: This version of ChromeDriver only supports Chrome version 78
Build info: version: '3.14.0', revision: 'aacccce0', time: '2018-08-02T20:19:58.91Z'
System info: host: 'DESKTOP-6NI868R', ip: '10.0.75.1', os.name: 'Windows 10', os.arch: 'amd64', os.version: '10.0', java.version: '11.0.4'
Driver info: driver.version: ChromeDriver
remote stacktrace: Backtrace:
Ordinal0 [0x00DCA903+1550595]
Ordinal0 [0x00D4A701+1025793]
Ordinal0 [0x00CCC6E5+509669]
Ordinal0 [0x00C5FC68+64616]
Ordinal0 [0x00C5C594+50580]
Ordinal0 [0x00C7ACE7+175335]
Ordinal0 [0x00C7A8ED+174317]
Ordinal0 [0x00C78CDB+167131]
Ordinal0 [0x00C6144A+70730]
Ordinal0 [0x00C624D0+74960]
Ordinal0 [0x00C62469+74857]
Ordinal0 [0x00D642C7+1131207]
GetHandleVerifier [0x00E670FD+523789]
GetHandleVerifier [0x00E66E90+523168]
GetHandleVerifier [0x00E6E1E7+552695]
GetHandleVerifier [0x00E678FA+525834]
Ordinal0 [0x00D5B7FC+1095676]
Ordinal0 [0x00D6633B+1139515]
Ordinal0 [0x00D664A3+1139875]
Ordinal0 [0x00D65425+1135653]
BaseThreadInitThunk [0x76006359+25]
RtlGetAppContainerNamedObjectPath [0x77787B74+228]
RtlGetAppContainerNamedObjectPath [0x77787B44+180]
]]>
            </message>
            <full-stacktrace>
              <![CDATA[org.openqa.selenium.SessionNotCreatedException: session not created: This version of ChromeDriver only supports Chrome version 78
Build info: version: '3.14.0', revision: 'aacccce0', time: '2018-08-02T20:19:58.91Z'
System info: host: 'DESKTOP-6NI868R', ip: '10.0.75.1', os.name: 'Windows 10', os.arch: 'amd64', os.version: '10.0', java.version: '11.0.4'
Driver info: driver.version: ChromeDriver
remote stacktrace: Backtrace:
Ordinal0 [0x00DCA903+1550595]
Ordinal0 [0x00D4A701+1025793]
Ordinal0 [0x00CCC6E5+509669]
Ordinal0 [0x00C5FC68+64616]
Ordinal0 [0x00C5C594+50580]
Ordinal0 [0x00C7ACE7+175335]
Ordinal0 [0x00C7A8ED+174317]
Ordinal0 [0x00C78CDB+167131]
Ordinal0 [0x00C6144A+70730]
Ordinal0 [0x00C624D0+74960]
Ordinal0 [0x00C62469+74857]
Ordinal0 [0x00D642C7+1131207]
GetHandleVerifier [0x00E670FD+523789]
GetHandleVerifier [0x00E66E90+523168]
GetHandleVerifier [0x00E6E1E7+552695]
GetHandleVerifier [0x00E678FA+525834]
Ordinal0 [0x00D5B7FC+1095676]
Ordinal0 [0x00D6633B+1139515]
Ordinal0 [0x00D664A3+1139875]
Ordinal0 [0x00D65425+1135653]
BaseThreadInitThunk [0x76006359+25]
RtlGetAppContainerNamedObjectPath [0x77787B74+228]
RtlGetAppContainerNamedObjectPath [0x77787B44+180]

at java.base/jdk.internal.reflect.NativeConstructorAccessorImpl.newInstance0(Native Method)
at java.base/jdk.internal.reflect.NativeConstructorAccessorImpl.newInstance(NativeConstructorAccessorImpl.java:62)
at java.base/jdk.internal.reflect.DelegatingConstructorAccessorImpl.newInstance(DelegatingConstructorAccessorImpl.java:45)
at java.base/java.lang.reflect.Constructor.newInstance(Constructor.java:490)
at org.openqa.selenium.remote.W3CHandshakeResponse.lambda$new$0(W3CHandshakeResponse.java:57)
at org.openqa.selenium.remote.W3CHandshakeResponse.lambda$getResponseFunction$2(W3CHandshakeResponse.java:104)
at org.openqa.selenium.remote.ProtocolHandshake.lambda$createSession$0(ProtocolHandshake.java:122)
at java.base/java.util.stream.ReferencePipeline$3$1.accept(ReferencePipeline.java:195)
at java.base/java.util.Spliterators$ArraySpliterator.tryAdvance(Spliterators.java:958)
at java.base/java.util.stream.ReferencePipeline.forEachWithCancel(ReferencePipeline.java:127)
at java.base/java.util.stream.AbstractPipeline.copyIntoWithCancel(AbstractPipeline.java:502)
at java.base/java.util.stream.AbstractPipeline.copyInto(AbstractPipeline.java:488)
at java.base/java.util.stream.AbstractPipeline.wrapAndCopyInto(AbstractPipeline.java:474)
at java.base/java.util.stream.FindOps$FindOp.evaluateSequential(FindOps.java:150)
at java.base/java.util.stream.AbstractPipeline.evaluate(AbstractPipeline.java:234)
at java.base/java.util.stream.ReferencePipeline.findFirst(ReferencePipeline.java:543)
at org.openqa.selenium.remote.ProtocolHandshake.createSession(ProtocolHandshake.java:125)
at org.openqa.selenium.remote.ProtocolHandshake.createSession(ProtocolHandshake.java:73)
at org.openqa.selenium.remote.HttpCommandExecutor.execute(HttpCommandExecutor.java:136)
at org.openqa.selenium.remote.service.DriverCommandExecutor.execute(DriverCommandExecutor.java:83)
at org.openqa.selenium.remote.RemoteWebDriver.execute(RemoteWebDriver.java:548)
at org.openqa.selenium.remote.RemoteWebDriver.startSession(RemoteWebDriver.java:212)
at org.openqa.selenium.remote.RemoteWebDriver.<init>(RemoteWebDriver.java:130)
at org.openqa.selenium.chrome.ChromeDriver.<init>(ChromeDriver.java:181)
at org.openqa.selenium.chrome.ChromeDriver.<init>(ChromeDriver.java:168)
at org.openqa.selenium.chrome.ChromeDriver.<init>(ChromeDriver.java:123)
at Util.Base.Initilization(Base.java:18)
at Google.GoogleSearch.SetUp(GoogleSearch.java:33)
at java.base/jdk.internal.reflect.NativeMethodAccessorImpl.invoke0(Native Method)
at java.base/jdk.internal.reflect.NativeMethodAccessorImpl.invoke(NativeMethodAccessorImpl.java:62)
at java.base/jdk.internal.reflect.DelegatingMethodAccessorImpl.invoke(DelegatingMethodAccessorImpl.java:43)
at java.base/java.lang.reflect.Method.invoke(Method.java:566)
at org.testng.internal.MethodInvocationHelper.invokeMethod(MethodInvocationHelper.java:124)
at org.testng.internal.MethodInvocationHelper.invokeMethodConsideringTimeout(MethodInvocationHelper.java:59)
at org.testng.internal.Invoker.invokeConfigurationMethod(Invoker.java:458)
at org.testng.internal.Invoker.invokeConfigurations(Invoker.java:222)
at org.testng.internal.Invoker.invokeMethod(Invoker.java:523)
at org.testng.internal.Invoker.invokeTestMethod(Invoker.java:719)
at org.testng.internal.Invoker.invokeTestMethods(Invoker.java:989)
at org.testng.internal.TestMethodWorker.invokeTestMethods(TestMethodWorker.java:125)
at org.testng.internal.TestMethodWorker.run(TestMethodWorker.java:109)
at java.base/java.util.concurrent.ThreadPoolExecutor.runWorker(ThreadPoolExecutor.java:1128)
at java.base/java.util.concurrent.ThreadPoolExecutor$Worker.run(ThreadPoolExecutor.java:628)
at java.base/java.lang.Thread.run(Thread.java:834)
]]>
            </full-stacktrace>
          </exception> <!-- org.openqa.selenium.SessionNotCreatedException -->
          <reporter-output>
          </reporter-output>
        </test-method> <!-- TitleTest2 -->
        <test-method is-config="true" signature="teardown()[pri:0, instance:Google.GoogleSearch@2ca6546f]" started-at="2020-02-12T16:59:26Z" name="teardown" finished-at="2020-02-12T16:59:26Z" duration-ms="0" status="SKIP">
          <reporter-output>
          </reporter-output>
        </test-method> <!-- teardown -->
      </class> <!-- Google.GoogleSearch -->
    </test> <!-- Test -->
  </suite> <!-- Suite -->
</testng-results>
